0 info it worked if it ends with ok
1 verbose cli [ '/usr/local/bin/node', '/usr/local/bin/npm', 'run', 'commit' ]
2 info using npm@3.8.0
3 info using node@v4.2.1
4 verbose run-script [ 'precommit', 'commit', 'postcommit' ]
5 info lifecycle MERN@0.0.1~precommit: MERN@0.0.1
6 silly lifecycle MERN@0.0.1~precommit: no script for precommit, continuing
7 info lifecycle MERN@0.0.1~commit: MERN@0.0.1
8 verbose lifecycle MERN@0.0.1~commit: unsafe-perm in lifecycle true
9 verbose lifecycle MERN@0.0.1~commit: PATH: /usr/local/lib/node_modules/npm/bin/node-gyp-bin:/Users/techdojo/Projects/reactframework/node_modules/.bin:/usr/local/bin:/usr/local/bin:/bin:/usr/local/bin:/usr/bin:/bin:/usr/sbin:/sbin:/Users/techdojo/Documents/Development/android-sdk-macosx/tools
10 verbose lifecycle MERN@0.0.1~commit: CWD: /Users/techdojo/Projects/reactframework
11 silly lifecycle MERN@0.0.1~commit: Args: [ '-c', 'git-cz' ]
12 silly lifecycle MERN@0.0.1~commit: Returned: code: 1  signal: null
13 info lifecycle MERN@0.0.1~commit: Failed to exec commit script
14 verbose stack Error: MERN@0.0.1 commit: `git-cz`
14 verbose stack Exit status 1
14 verbose stack     at EventEmitter.<anonymous> (/usr/local/lib/node_modules/npm/lib/utils/lifecycle.js:239:16)
14 verbose stack     at emitTwo (events.js:87:13)
14 verbose stack     at EventEmitter.emit (events.js:172:7)
14 verbose stack     at ChildProcess.<anonymous> (/usr/local/lib/node_modules/npm/lib/utils/spawn.js:24:14)
14 verbose stack     at emitTwo (events.js:87:13)
14 verbose stack     at ChildProcess.emit (events.js:172:7)
14 verbose stack     at maybeClose (internal/child_process.js:818:16)
14 verbose stack     at Process.ChildProcess._handle.onexit (internal/child_process.js:211:5)
15 verbose pkgid MERN@0.0.1
16 verbose cwd /Users/techdojo/Projects/reactframework
17 error Darwin 15.0.0
18 error argv "/usr/local/bin/node" "/usr/local/bin/npm" "run" "commit"
19 error node v4.2.1
20 error npm  v3.8.0
21 error code ELIFECYCLE
22 error MERN@0.0.1 commit: `git-cz`
22 error Exit status 1
23 error Failed at the MERN@0.0.1 commit script 'git-cz'.
23 error Make sure you have the latest version of node.js and npm installed.
23 error If you do, this is most likely a problem with the MERN package,
23 error not with npm itself.
23 error Tell the author that this fails on your system:
23 error     git-cz
23 error You can get information on how to open an issue for this project with:
23 error     npm bugs MERN
23 error Or if that isn't available, you can get their info via:
23 error     npm owner ls MERN
23 error There is likely additional logging output above.
24 verbose exit [ 1, true ]
